2024-09-13T15:15:47.438-03:00  INFO 7876 --- [main] br.com.api.calculo.CalculoApplication    : Starting CalculoApplication using Java 17.0.2 with PID 7876 (C:\Users\vinic\www\github\api-calcula-preco-tarifado\target\classes started by vinic in C:\Users\vinic\www\github\api-calcula-preco-tarifado)
2024-09-13T15:15:47.447-03:00  INFO 7876 --- [main] br.com.api.calculo.CalculoApplication    : The following 1 profile is active: "${PROFILE}"
2024-09-13T15:15:48.330-03:00  INFO 7876 --- [main] .s.d.r.c.RepositoryConfigurationDelegate : Bootstrapping Spring Data JPA repositories in DEFAULT mode.
2024-09-13T15:15:48.376-03:00  INFO 7876 --- [main] .s.d.r.c.RepositoryConfigurationDelegate : Finished Spring Data repository scanning in 40 ms. Found 1 JPA repository interface.
2024-09-13T15:15:49.099-03:00  INFO 7876 --- [main] o.s.b.w.embedded.tomcat.TomcatWebServer  : Tomcat initialized with port 8080 (http)
2024-09-13T15:15:49.112-03:00  INFO 7876 --- [main] o.apache.catalina.core.StandardService   : Starting service [Tomcat]
2024-09-13T15:15:49.113-03:00  INFO 7876 --- [main] o.apache.catalina.core.StandardEngine    : Starting Servlet engine: [Apache Tomcat/10.1.28]
2024-09-13T15:15:49.172-03:00  INFO 7876 --- [main] o.a.c.c.C.[.[localhost].[/calculo]       : Initializing Spring embedded WebApplicationContext
2024-09-13T15:15:49.172-03:00  INFO 7876 --- [main] w.s.c.ServletWebServerApplicationContext : Root WebApplicationContext: initialization completed in 1652 ms
2024-09-13T15:15:49.565-03:00  INFO 7876 --- [main] o.hibernate.jpa.internal.util.LogHelper  : HHH000204: Processing PersistenceUnitInfo [name: default]
2024-09-13T15:15:49.615-03:00  INFO 7876 --- [main] org.hibernate.Version                    : HHH000412: Hibernate ORM core version 6.5.2.Final
2024-09-13T15:15:49.656-03:00  INFO 7876 --- [main] o.h.c.internal.RegionFactoryInitiator    : HHH000026: Second-level cache disabled
2024-09-13T15:15:49.937-03:00  INFO 7876 --- [main] o.s.o.j.p.SpringPersistenceUnitInfo      : No LoadTimeWeaver setup: ignoring JPA class transformer
2024-09-13T15:15:49.962-03:00  INFO 7876 --- [main] com.zaxxer.hikari.HikariDataSource       : HikariPool-1 - Starting...
2024-09-13T15:15:50.256-03:00  INFO 7876 --- [main] com.zaxxer.hikari.pool.HikariPool        : HikariPool-1 - Added connection com.mysql.cj.jdbc.ConnectionImpl@4910afdf
2024-09-13T15:15:50.258-03:00  INFO 7876 --- [main] com.zaxxer.hikari.HikariDataSource       : HikariPool-1 - Start completed.
2024-09-13T15:15:50.292-03:00  WARN 7876 --- [main] org.hibernate.orm.deprecation            : HHH90000025: MySQL8Dialect does not need to be specified explicitly using 'hibernate.dialect' (remove the property setting and it will be selected by default)
2024-09-13T15:15:50.292-03:00  WARN 7876 --- [main] org.hibernate.orm.deprecation            : HHH90000026: MySQL8Dialect has been deprecated; use org.hibernate.dialect.MySQLDialect instead
2024-09-13T15:15:51.104-03:00  INFO 7876 --- [main] o.h.e.t.j.p.i.JtaPlatformInitiator       : HHH000489: No JTA platform available (set 'hibernate.transaction.jta.platform' to enable JTA platform integration)
2024-09-13T15:15:51.144-03:00  INFO 7876 --- [main] j.LocalContainerEntityManagerFactoryBean : Initialized JPA EntityManagerFactory for persistence unit 'default'
2024-09-13T15:15:51.487-03:00  WARN 7876 --- [main] JpaBaseConfiguration$JpaWebConfiguration : spring.jpa.open-in-view is enabled by default. Therefore, database queries may be performed during view rendering. Explicitly configure spring.jpa.open-in-view to disable this warning
2024-09-13T15:15:52.188-03:00  INFO 7876 --- [main] o.s.b.a.e.web.EndpointLinksResolver      : Exposing 4 endpoints beneath base path '/v1/actuator'
2024-09-13T15:15:52.282-03:00  INFO 7876 --- [main] o.s.b.w.embedded.tomcat.TomcatWebServer  : Tomcat started on port 8080 (http) with context path '/calculo'
2024-09-13T15:15:52.296-03:00  INFO 7876 --- [main] br.com.api.calculo.CalculoApplication    : Started CalculoApplication in 5.313 seconds (process running for 5.618)
2024-09-13T15:15:57.892-03:00  INFO 7876 --- [http-nio-8080-exec-1] o.a.c.c.C.[.[localhost].[/calculo]       : Initializing Spring DispatcherServlet 'dispatcherServlet'
2024-09-13T15:15:57.893-03:00  INFO 7876 --- [http-nio-8080-exec-1] o.s.web.servlet.DispatcherServlet        : Initializing Servlet 'dispatcherServlet'
2024-09-13T15:15:57.894-03:00  INFO 7876 --- [http-nio-8080-exec-1] o.s.web.servlet.DispatcherServlet        : Completed initialization in 1 ms
2024-09-13T15:16:20.201-03:00  INFO 7876 --- [http-nio-8080-exec-3] b.c.api.calculo.service.ProductService   : Categoria Informada: VIDA
2024-09-13T15:16:20.201-03:00  INFO 7876 --- [http-nio-8080-exec-3] b.c.api.calculo.service.ProductService   : Tax rates: [0.01,0.022,0.0]
2024-09-13T15:17:16.656-03:00  INFO 7876 --- [SpringApplicationShutdownHook] j.LocalContainerEntityManagerFactoryBean : Closing JPA EntityManagerFactory for persistence unit 'default'
2024-09-13T15:17:16.661-03:00  INFO 7876 --- [SpringApplicationShutdownHook] com.zaxxer.hikari.HikariDataSource       : HikariPool-1 - Shutdown initiated...
2024-09-13T15:17:16.677-03:00  INFO 7876 --- [SpringApplicationShutdownHook] com.zaxxer.hikari.HikariDataSource       : HikariPool-1 - Shutdown completed.
